<?xml version="1.0" encoding="UTF-8"?>
<!-- Generated by org.testng.reporters.JUnitXMLReporter -->
<testsuite ignored="10" hostname="Vijay" failures="0" tests="1" name="Default test" time="15.702" errors="0" timestamp="2023-08-10T18:08:38 IST">
  <testcase classname="AdminModuleTestScripts.AdminModule" name="CreateTeamType" time="13.486"/>
  <testcase classname="AdminModuleTestScripts.AdminModule" name="CreateDefaultRateCard" time="0.0">
    <ignored/>
  </testcase> <!-- CreateDefaultRateCard -->
  <testcase classname="AdminModuleTestScripts.AdminModule" name="CreateSeniorityLevel" time="0.0">
    <ignored/>
  </testcase> <!-- CreateSeniorityLevel -->
  <testcase classname="AdminModuleTestScripts.AdminModule" name="RunJob" time="0.0">
    <ignored/>
  </testcase> <!-- RunJob -->
  <testcase classname="AdminModuleTestScripts.AdminModule" name="CreateServiceProvider" time="0.0">
    <ignored/>
  </testcase> <!-- CreateServiceProvider -->
  <testcase classname="AdminModuleTestScripts.AdminModule" name="CreateTeamLevel" time="0.0">
    <ignored/>
  </testcase> <!-- CreateTeamLevel -->
  <testcase classname="AdminModuleTestScripts.AdminModule" name="MapCountryLocation" time="0.0">
    <ignored/>
  </testcase> <!-- MapCountryLocation -->
  <testcase classname="AdminModuleTestScripts.AdminModule" name="CreateUser" time="0.0">
    <ignored/>
  </testcase> <!-- CreateUser -->
  <testcase classname="AdminModuleTestScripts.AdminModule" name="CreateLocation" time="0.0">
    <ignored/>
  </testcase> <!-- CreateLocation -->
  <testcase classname="AdminModuleTestScripts.AdminModule" name="CreateActionDescription" time="0.0">
    <ignored/>
  </testcase> <!-- CreateActionDescription -->
  <testcase classname="AdminModuleTestScripts.AdminModule" name="CreateNotification" time="0.0">
    <ignored/>
  </testcase> <!-- CreateNotification -->
</testsuite> <!-- Default test -->
