<?xml version="1.0" encoding="UTF-8"?>
<!-- Generated by org.testng.reporters.JUnitXMLReporter -->
<testsuite ignored="5" hostname="Vijay" failures="0" tests="1" name="Default test" time="1617.202" errors="0" timestamp="2023-08-26T18:17:03 IST">
  <testcase classname="TestScripts.RegressionTests" name="CreateTeam" time="1614.482"/>
  <testcase classname="TestScripts.RegressionTests" name="Moveteammember" time="0.0">
    <ignored/>
  </testcase> <!-- Moveteammember -->
  <testcase classname="TestScripts.RegressionTests" name="Moveteammember1" time="0.0">
    <ignored/>
  </testcase> <!-- Moveteammember1 -->
  <testcase classname="TestScripts.RegressionTests" name="Cancelpotentialmember" time="0.0">
    <ignored/>
  </testcase> <!-- Cancelpotentialmember -->
  <testcase classname="TestScripts.RegressionTests" name="AssignNewHire" time="0.0">
    <ignored/>
  </testcase> <!-- AssignNewHire -->
  <testcase classname="TestScripts.RegressionTests" name="MergeNewHire" time="0.0">
    <ignored/>
  </testcase> <!-- MergeNewHire -->
</testsuite> <!-- Default test -->
