<?xml version="1.0" encoding="UTF-8"?>
<testng-results ignored="0" total="1" passed="1" failed="0" skipped="0">
  <reporter-output>
  </reporter-output>
  <suite started-at="2023-08-09T20:03:02 IST" name="Default suite" finished-at="2023-08-09T20:03:15 IST" duration-ms="12239">
    <groups>
    </groups>
    <test started-at="2023-08-09T20:03:02 IST" name="Default test" finished-at="2023-08-09T20:03:15 IST" duration-ms="12239">
      <class name="AdminModuleTestScripts.AdminModule">
        <test-method is-config="true" signature="initializeChrome()[pri:0, instance:AdminModuleTestScripts.AdminModule@235834f2]" started-at="2023-08-09T20:03:03 IST" name="initializeChrome" finished-at="2023-08-09T20:03:04 IST" duration-ms="1569" status="PASS">
          <reporter-output>
          </reporter-output>
        </test-method> <!-- initializeChrome -->
        <test-method signature="CreateLocation()[pri:5, instance:AdminModuleTestScripts.AdminModule@235834f2]" started-at="2023-08-09T20:03:04 IST" name="CreateLocation" description="This testcase verifies to create a TeamType" finished-at="2023-08-09T20:03:15 IST" duration-ms="10457" status="PASS">
          <reporter-output>
          </reporter-output>
        </test-method> <!-- CreateLocation -->
      </class> <!-- AdminModuleTestScripts.AdminModule -->
    </test> <!-- Default test -->
  </suite> <!-- Default suite -->
</testng-results>
