<?xml version="1.0" encoding="UTF-8"?>
<!-- Generated by org.testng.reporters.JUnitXMLReporter -->
<testsuite ignored="0" hostname="Vijay" failures="0" tests="3" name="AdminModuleTest" time="157.6" errors="0" timestamp="2023-08-07T20:44:46 IST">
  <testcase classname="AdminModuleTestScripts.AdminLogin" name="verifysigninFunctionality" time="8.99"/>
  <testcase classname="AdminModuleTestScripts.AdminModule" name="CreateUser" time="134.904"/>
  <testcase classname="AdminModuleTestScripts.AdminModule" name="CreateTeamType" time="10.355"/>
</testsuite> <!-- AdminModuleTest -->
